Arguments: 
  /usr/local/Cellar/node/6.8.1/bin/node /usr/local/Cellar/yarn/0.27.5_1/libexec/bin/yarn.js add get-json

PATH: 
  /Users/eduardoportilho/dev/tools/google-cloud-sdk/bin:/usr/local/bin:/usr/bin:/bin:/usr/sbin:/sbin:/usr/local/munki:/opt/puppetlabs/bin:/Users/eduardoportilho/.composer/vendor/bin/:/Applications/Postgres.app/Contents/Versions/latest/bin

Yarn version: 
  0.27.5

Node version: 
  6.8.1

Platform: 
  darwin x64

npm manifest: 
  {
    "name": "7-links-para-as-estrelas",
    "version": "1.0.0",
    "main": "index.js",
    "author": "Eduardo <eduardo@portilho.com> (http://www.portilho.com/)",
    "license": "MIT"
  }

yarn manifest: 
  No manifest

Lockfile: 
  No lockfile

Trace: 
  Error: getaddrinfo ENOTFOUND registry.yarnpkg.com registry.yarnpkg.com:443
      at errnoException (dns.js:28:10)
      at GetAddrInfoReqWrap.onlookup [as oncomplete] (dns.js:76:26)
